[2020-02-23 22:00:36,994] INFO Starting the log cleaner (kafka.log.LogCleaner)
[2020-02-23 22:00:37,193] INFO [kafka-log-cleaner-thread-0]: Starting (kafka.log.LogCleaner)
[2020-02-23 22:15:40,542] INFO The cleaning for partition mysecond-0 is aborted and paused (kafka.log.LogCleaner)
[2020-02-23 22:15:40,544] INFO The cleaning for partition mysecond-0 is aborted (kafka.log.LogCleaner)
[2020-02-23 22:15:40,617] INFO The cleaning for partition mysecond-1 is aborted and paused (kafka.log.LogCleaner)
[2020-02-23 22:15:40,617] INFO The cleaning for partition mysecond-1 is aborted (kafka.log.LogCleaner)
[2020-02-23 22:15:40,652] INFO The cleaning for partition mysecond-2 is aborted and paused (kafka.log.LogCleaner)
[2020-02-23 22:15:40,652] INFO The cleaning for partition mysecond-2 is aborted (kafka.log.LogCleaner)
[2020-02-23 22:27:19,939] INFO Starting the log cleaner (kafka.log.LogCleaner)
[2020-02-23 22:27:20,018] INFO [kafka-log-cleaner-thread-0]: Starting (kafka.log.LogCleaner)
[2020-02-23 22:27:22,218] INFO The cleaning for partition mysecond-0 is aborted and paused (kafka.log.LogCleaner)
[2020-02-23 22:27:22,219] INFO The cleaning for partition mysecond-0 is aborted (kafka.log.LogCleaner)
[2020-02-23 22:27:22,242] INFO The cleaning for partition mysecond-1 is aborted and paused (kafka.log.LogCleaner)
[2020-02-23 22:27:22,243] INFO The cleaning for partition mysecond-1 is aborted (kafka.log.LogCleaner)
[2020-02-23 22:27:22,258] INFO The cleaning for partition mysecond-2 is aborted and paused (kafka.log.LogCleaner)
[2020-02-23 22:27:22,258] INFO The cleaning for partition mysecond-2 is aborted (kafka.log.LogCleaner)
[2020-02-24 07:26:59,024] INFO Starting the log cleaner (kafka.log.LogCleaner)
[2020-02-24 07:26:59,310] INFO [kafka-log-cleaner-thread-0]: Starting (kafka.log.LogCleaner)
[2020-02-24 07:27:28,794] INFO The cleaning for partition mysecond-0 is aborted and paused (kafka.log.LogCleaner)
[2020-02-24 07:27:28,795] INFO The cleaning for partition mysecond-0 is aborted (kafka.log.LogCleaner)
[2020-02-24 07:27:29,104] INFO The cleaning for partition mysecond-1 is aborted and paused (kafka.log.LogCleaner)
[2020-02-24 07:27:29,104] INFO The cleaning for partition mysecond-1 is aborted (kafka.log.LogCleaner)
[2020-02-24 07:27:29,125] INFO The cleaning for partition mysecond-2 is aborted and paused (kafka.log.LogCleaner)
[2020-02-24 07:27:29,125] INFO The cleaning for partition mysecond-2 is aborted (kafka.log.LogCleaner)
[2020-02-24 08:05:50,580] INFO Starting the log cleaner (kafka.log.LogCleaner)
[2020-02-24 08:05:50,699] INFO [kafka-log-cleaner-thread-0]: Starting (kafka.log.LogCleaner)
[2020-02-24 08:05:52,817] INFO The cleaning for partition mysecond-0 is aborted and paused (kafka.log.LogCleaner)
[2020-02-24 08:05:52,818] INFO The cleaning for partition mysecond-0 is aborted (kafka.log.LogCleaner)
[2020-02-24 08:05:52,845] INFO The cleaning for partition mysecond-1 is aborted and paused (kafka.log.LogCleaner)
[2020-02-24 08:05:52,845] INFO The cleaning for partition mysecond-1 is aborted (kafka.log.LogCleaner)
[2020-02-24 08:05:52,868] INFO The cleaning for partition mysecond-2 is aborted and paused (kafka.log.LogCleaner)
[2020-02-24 08:05:52,868] INFO The cleaning for partition mysecond-2 is aborted (kafka.log.LogCleaner)
[2020-02-24 08:06:35,033] INFO Starting the log cleaner (kafka.log.LogCleaner)
[2020-02-24 08:06:35,144] INFO [kafka-log-cleaner-thread-0]: Starting (kafka.log.LogCleaner)
[2020-02-24 08:06:37,206] INFO The cleaning for partition mysecond-0 is aborted and paused (kafka.log.LogCleaner)
[2020-02-24 08:06:37,208] INFO The cleaning for partition mysecond-0 is aborted (kafka.log.LogCleaner)
[2020-02-24 08:06:37,231] INFO The cleaning for partition mysecond-1 is aborted and paused (kafka.log.LogCleaner)
[2020-02-24 08:06:37,231] INFO The cleaning for partition mysecond-1 is aborted (kafka.log.LogCleaner)
[2020-02-24 08:06:37,244] INFO The cleaning for partition mysecond-2 is aborted and paused (kafka.log.LogCleaner)
[2020-02-24 08:06:37,244] INFO The cleaning for partition mysecond-2 is aborted (kafka.log.LogCleaner)
[2020-02-24 08:12:36,914] INFO Starting the log cleaner (kafka.log.LogCleaner)
[2020-02-24 08:12:37,029] INFO [kafka-log-cleaner-thread-0]: Starting (kafka.log.LogCleaner)
[2020-02-24 08:12:39,332] INFO The cleaning for partition mysecond-0 is aborted and paused (kafka.log.LogCleaner)
[2020-02-24 08:12:39,335] INFO The cleaning for partition mysecond-0 is aborted (kafka.log.LogCleaner)
[2020-02-24 08:12:39,363] INFO The cleaning for partition mysecond-1 is aborted and paused (kafka.log.LogCleaner)
[2020-02-24 08:12:39,363] INFO The cleaning for partition mysecond-1 is aborted (kafka.log.LogCleaner)
[2020-02-24 08:12:39,395] INFO The cleaning for partition mysecond-2 is aborted and paused (kafka.log.LogCleaner)
[2020-02-24 08:12:39,396] INFO The cleaning for partition mysecond-2 is aborted (kafka.log.LogCleaner)
[2020-02-24 08:13:27,417] INFO Starting the log cleaner (kafka.log.LogCleaner)
[2020-02-24 08:13:27,537] INFO [kafka-log-cleaner-thread-0]: Starting (kafka.log.LogCleaner)
[2020-02-24 08:13:30,614] INFO The cleaning for partition mysecond-0 is aborted and paused (kafka.log.LogCleaner)
[2020-02-24 08:13:30,617] INFO The cleaning for partition mysecond-0 is aborted (kafka.log.LogCleaner)
[2020-02-24 08:13:30,654] INFO The cleaning for partition mysecond-1 is aborted and paused (kafka.log.LogCleaner)
[2020-02-24 08:13:30,654] INFO The cleaning for partition mysecond-1 is aborted (kafka.log.LogCleaner)
[2020-02-24 08:13:30,672] INFO The cleaning for partition mysecond-2 is aborted and paused (kafka.log.LogCleaner)
[2020-02-24 08:13:30,672] INFO The cleaning for partition mysecond-2 is aborted (kafka.log.LogCleaner)
[2020-02-24 08:15:17,305] INFO Starting the log cleaner (kafka.log.LogCleaner)
[2020-02-24 08:15:17,418] INFO [kafka-log-cleaner-thread-0]: Starting (kafka.log.LogCleaner)
[2020-02-26 08:52:09,268] INFO Starting the log cleaner (kafka.log.LogCleaner)
[2020-02-26 08:52:09,370] INFO [kafka-log-cleaner-thread-0]: Starting (kafka.log.LogCleaner)
[2020-02-27 08:02:55,109] INFO Starting the log cleaner (kafka.log.LogCleaner)
[2020-02-27 08:02:55,254] INFO [kafka-log-cleaner-thread-0]: Starting (kafka.log.LogCleaner)
[2020-02-28 08:14:21,629] INFO Starting the log cleaner (kafka.log.LogCleaner)
[2020-02-28 08:14:21,829] INFO [kafka-log-cleaner-thread-0]: Starting (kafka.log.LogCleaner)
[2020-02-29 16:45:36,507] INFO Starting the log cleaner (kafka.log.LogCleaner)
[2020-02-29 16:45:36,604] INFO [kafka-log-cleaner-thread-0]: Starting (kafka.log.LogCleaner)
[2020-03-01 14:35:27,612] INFO Starting the log cleaner (kafka.log.LogCleaner)
[2020-03-01 14:35:27,802] INFO [kafka-log-cleaner-thread-0]: Starting (kafka.log.LogCleaner)
[2020-03-02 08:23:16,484] INFO Starting the log cleaner (kafka.log.LogCleaner)
[2020-03-02 08:23:16,673] INFO [kafka-log-cleaner-thread-0]: Starting (kafka.log.LogCleaner)
[2020-03-02 08:29:39,474] INFO Starting the log cleaner (kafka.log.LogCleaner)
[2020-03-02 08:29:39,552] INFO [kafka-log-cleaner-thread-0]: Starting (kafka.log.LogCleaner)
[2020-03-02 08:29:48,870] INFO Starting the log cleaner (kafka.log.LogCleaner)
[2020-03-02 08:29:48,982] INFO [kafka-log-cleaner-thread-0]: Starting (kafka.log.LogCleaner)
[2020-03-02 08:29:49,939] INFO Shutting down the log cleaner. (kafka.log.LogCleaner)
[2020-03-02 08:29:49,941] INFO [kafka-log-cleaner-thread-0]: Shutting down (kafka.log.LogCleaner)
[2020-03-02 08:29:49,942] INFO [kafka-log-cleaner-thread-0]: Stopped (kafka.log.LogCleaner)
[2020-03-02 08:29:49,943] INFO [kafka-log-cleaner-thread-0]: Shutdown completed (kafka.log.LogCleaner)
[2020-03-02 08:49:50,252] INFO Starting the log cleaner (kafka.log.LogCleaner)
[2020-03-02 08:49:50,372] INFO [kafka-log-cleaner-thread-0]: Starting (kafka.log.LogCleaner)
[2020-03-02 08:50:22,875] INFO Starting the log cleaner (kafka.log.LogCleaner)
[2020-03-02 08:50:22,953] INFO [kafka-log-cleaner-thread-0]: Starting (kafka.log.LogCleaner)
[2020-03-02 08:50:23,436] INFO Shutting down the log cleaner. (kafka.log.LogCleaner)
[2020-03-02 08:50:23,436] INFO [kafka-log-cleaner-thread-0]: Shutting down (kafka.log.LogCleaner)
[2020-03-02 08:50:23,452] INFO [kafka-log-cleaner-thread-0]: Shutdown completed (kafka.log.LogCleaner)
[2020-03-02 08:50:23,452] INFO [kafka-log-cleaner-thread-0]: Stopped (kafka.log.LogCleaner)
[2020-03-02 09:00:09,881] INFO Starting the log cleaner (kafka.log.LogCleaner)
[2020-03-02 09:00:09,979] INFO [kafka-log-cleaner-thread-0]: Starting (kafka.log.LogCleaner)
[2020-03-02 09:00:10,591] INFO Shutting down the log cleaner. (kafka.log.LogCleaner)
[2020-03-02 09:00:10,593] INFO [kafka-log-cleaner-thread-0]: Shutting down (kafka.log.LogCleaner)
[2020-03-02 09:00:10,595] INFO [kafka-log-cleaner-thread-0]: Stopped (kafka.log.LogCleaner)
[2020-03-02 09:00:10,595] INFO [kafka-log-cleaner-thread-0]: Shutdown completed (kafka.log.LogCleaner)
[2020-03-02 09:00:35,269] INFO Starting the log cleaner (kafka.log.LogCleaner)
[2020-03-02 09:00:35,417] INFO [kafka-log-cleaner-thread-0]: Starting (kafka.log.LogCleaner)
[2020-03-02 09:00:52,378] INFO Starting the log cleaner (kafka.log.LogCleaner)
[2020-03-02 09:00:52,503] INFO [kafka-log-cleaner-thread-0]: Starting (kafka.log.LogCleaner)
[2020-03-02 09:01:27,125] INFO Starting the log cleaner (kafka.log.LogCleaner)
[2020-03-02 09:01:27,324] INFO [kafka-log-cleaner-thread-0]: Starting (kafka.log.LogCleaner)
[2020-03-02 09:03:59,656] INFO Starting the log cleaner (kafka.log.LogCleaner)
[2020-03-02 09:03:59,821] INFO [kafka-log-cleaner-thread-0]: Starting (kafka.log.LogCleaner)
[2020-03-02 09:04:06,309] INFO Starting the log cleaner (kafka.log.LogCleaner)
[2020-03-02 09:04:06,475] INFO [kafka-log-cleaner-thread-0]: Starting (kafka.log.LogCleaner)
[2020-03-02 09:04:12,128] INFO Starting the log cleaner (kafka.log.LogCleaner)
[2020-03-02 09:04:12,256] INFO [kafka-log-cleaner-thread-0]: Starting (kafka.log.LogCleaner)
[2020-03-02 09:14:24,715] INFO The cleaning for partition hello-producer-topic-sample-4 is aborted and paused (kafka.log.LogCleaner)
[2020-03-02 09:14:24,716] INFO The cleaning for partition hello-producer-topic-sample-4 is aborted (kafka.log.LogCleaner)
[2020-03-02 09:14:24,749] INFO The cleaning for partition hello-producer-topic-sample-0 is aborted and paused (kafka.log.LogCleaner)
[2020-03-02 09:14:24,749] INFO The cleaning for partition hello-producer-topic-sample-0 is aborted (kafka.log.LogCleaner)
[2020-03-02 09:14:24,767] INFO The cleaning for partition hello-producer-topic-sample-1 is aborted and paused (kafka.log.LogCleaner)
[2020-03-02 09:14:24,767] INFO The cleaning for partition hello-producer-topic-sample-1 is aborted (kafka.log.LogCleaner)
[2020-03-02 09:14:24,806] INFO The cleaning for partition hello-producer-topic-sample-2 is aborted and paused (kafka.log.LogCleaner)
[2020-03-02 09:14:24,807] INFO The cleaning for partition hello-producer-topic-sample-2 is aborted (kafka.log.LogCleaner)
[2020-03-02 09:14:24,824] INFO The cleaning for partition hello-producer-topic-sample-3 is aborted and paused (kafka.log.LogCleaner)
[2020-03-02 09:14:24,825] INFO The cleaning for partition hello-producer-topic-sample-3 is aborted (kafka.log.LogCleaner)
[2020-03-02 09:14:24,867] INFO The cleaning for partition hello-producer-topic-sample-3 is aborted and paused (kafka.log.LogCleaner)
[2020-03-02 09:14:24,867] INFO The cleaning for partition hello-producer-topic-sample-3 is aborted (kafka.log.LogCleaner)
[2020-03-02 09:14:24,950] INFO The cleaning for partition hello-producer-topic-sample-1 is aborted and paused (kafka.log.LogCleaner)
[2020-03-02 09:14:24,950] INFO The cleaning for partition hello-producer-topic-sample-1 is aborted (kafka.log.LogCleaner)
[2020-03-02 09:14:25,013] INFO The cleaning for partition hello-producer-topic-sample-0 is aborted and paused (kafka.log.LogCleaner)
[2020-03-02 09:14:25,013] INFO The cleaning for partition hello-producer-topic-sample-0 is aborted (kafka.log.LogCleaner)
[2020-03-02 09:14:25,093] INFO The cleaning for partition hello-producer-topic-sample-2 is aborted and paused (kafka.log.LogCleaner)
[2020-03-02 09:14:25,093] INFO The cleaning for partition hello-producer-topic-sample-2 is aborted (kafka.log.LogCleaner)
[2020-03-02 09:14:25,144] INFO The cleaning for partition hello-producer-topic-sample-4 is aborted and paused (kafka.log.LogCleaner)
[2020-03-02 09:14:25,144] INFO The cleaning for partition hello-producer-topic-sample-4 is aborted (kafka.log.LogCleaner)
[2020-03-02 09:15:52,985] INFO Starting the log cleaner (kafka.log.LogCleaner)
[2020-03-02 09:15:53,069] INFO [kafka-log-cleaner-thread-0]: Starting (kafka.log.LogCleaner)
[2020-03-02 09:16:35,530] INFO Starting the log cleaner (kafka.log.LogCleaner)
[2020-03-02 09:16:35,641] INFO [kafka-log-cleaner-thread-0]: Starting (kafka.log.LogCleaner)
[2020-03-02 09:16:36,803] INFO The cleaning for partition hello-producer-topic-sample-3 is aborted and paused (kafka.log.LogCleaner)
[2020-03-02 09:16:36,804] INFO The cleaning for partition hello-producer-topic-sample-3 is aborted (kafka.log.LogCleaner)
[2020-03-02 09:16:36,837] INFO The cleaning for partition hello-producer-topic-sample-0 is aborted and paused (kafka.log.LogCleaner)
[2020-03-02 09:16:36,837] INFO The cleaning for partition hello-producer-topic-sample-0 is aborted (kafka.log.LogCleaner)
[2020-03-02 09:16:36,866] INFO The cleaning for partition hello-producer-topic-sample-4 is aborted and paused (kafka.log.LogCleaner)
[2020-03-02 09:16:36,866] INFO The cleaning for partition hello-producer-topic-sample-4 is aborted (kafka.log.LogCleaner)
[2020-03-02 09:16:36,886] INFO The cleaning for partition hello-producer-topic-sample-2 is aborted and paused (kafka.log.LogCleaner)
[2020-03-02 09:16:36,886] INFO The cleaning for partition hello-producer-topic-sample-2 is aborted (kafka.log.LogCleaner)
[2020-03-02 09:17:05,385] INFO Starting the log cleaner (kafka.log.LogCleaner)
[2020-03-02 09:17:05,497] INFO [kafka-log-cleaner-thread-0]: Starting (kafka.log.LogCleaner)
[2020-03-02 09:17:06,884] INFO The cleaning for partition hello-producer-topic-sample-4 is aborted and paused (kafka.log.LogCleaner)
[2020-03-02 09:17:06,884] INFO The cleaning for partition hello-producer-topic-sample-4 is aborted (kafka.log.LogCleaner)
[2020-03-02 09:17:06,907] INFO The cleaning for partition hello-producer-topic-sample-0 is aborted and paused (kafka.log.LogCleaner)
[2020-03-02 09:17:06,907] INFO The cleaning for partition hello-producer-topic-sample-0 is aborted (kafka.log.LogCleaner)
[2020-03-02 09:17:06,917] INFO The cleaning for partition hello-producer-topic-sample-1 is aborted and paused (kafka.log.LogCleaner)
[2020-03-02 09:17:06,917] INFO The cleaning for partition hello-producer-topic-sample-1 is aborted (kafka.log.LogCleaner)
[2020-03-02 09:19:44,126] INFO Starting the log cleaner (kafka.log.LogCleaner)
[2020-03-02 09:19:44,335] INFO [kafka-log-cleaner-thread-0]: Starting (kafka.log.LogCleaner)
[2020-03-02 09:19:47,761] INFO Starting the log cleaner (kafka.log.LogCleaner)
[2020-03-02 09:19:48,045] INFO [kafka-log-cleaner-thread-0]: Starting (kafka.log.LogCleaner)
[2020-03-02 09:19:53,607] INFO The cleaning for partition hello-producer-topic-sample-4 is aborted and paused (kafka.log.LogCleaner)
[2020-03-02 09:19:53,610] INFO The cleaning for partition hello-producer-topic-sample-4 is aborted (kafka.log.LogCleaner)
[2020-03-02 09:19:53,642] INFO The cleaning for partition hello-producer-topic-sample-0 is aborted and paused (kafka.log.LogCleaner)
[2020-03-02 09:19:53,642] INFO The cleaning for partition hello-producer-topic-sample-0 is aborted (kafka.log.LogCleaner)
[2020-03-02 09:19:53,658] INFO The cleaning for partition hello-producer-topic-sample-1 is aborted and paused (kafka.log.LogCleaner)
[2020-03-02 09:19:53,658] INFO The cleaning for partition hello-producer-topic-sample-1 is aborted (kafka.log.LogCleaner)
[2020-03-02 09:19:54,446] INFO The cleaning for partition hello-producer-topic-sample-3 is aborted and paused (kafka.log.LogCleaner)
[2020-03-02 09:19:54,456] INFO The cleaning for partition hello-producer-topic-sample-3 is aborted (kafka.log.LogCleaner)
[2020-03-02 09:19:54,579] INFO The cleaning for partition hello-producer-topic-sample-0 is aborted and paused (kafka.log.LogCleaner)
[2020-03-02 09:19:54,580] INFO The cleaning for partition hello-producer-topic-sample-0 is aborted (kafka.log.LogCleaner)
[2020-03-02 09:19:54,718] INFO The cleaning for partition hello-producer-topic-sample-4 is aborted and paused (kafka.log.LogCleaner)
[2020-03-02 09:19:54,719] INFO The cleaning for partition hello-producer-topic-sample-4 is aborted (kafka.log.LogCleaner)
[2020-03-02 09:19:54,733] INFO The cleaning for partition hello-producer-topic-sample-2 is aborted and paused (kafka.log.LogCleaner)
[2020-03-02 09:19:54,733] INFO The cleaning for partition hello-producer-topic-sample-2 is aborted (kafka.log.LogCleaner)
[2020-03-02 09:19:55,538] INFO Starting the log cleaner (kafka.log.LogCleaner)
[2020-03-02 09:19:55,672] INFO [kafka-log-cleaner-thread-0]: Starting (kafka.log.LogCleaner)
[2020-03-02 10:32:42,079] INFO Starting the log cleaner (kafka.log.LogCleaner)
[2020-03-02 10:32:42,199] INFO [kafka-log-cleaner-thread-0]: Starting (kafka.log.LogCleaner)
[2020-03-02 10:33:04,025] INFO Starting the log cleaner (kafka.log.LogCleaner)
[2020-03-02 10:33:04,166] INFO [kafka-log-cleaner-thread-0]: Starting (kafka.log.LogCleaner)
[2020-03-02 10:33:09,505] INFO Starting the log cleaner (kafka.log.LogCleaner)
[2020-03-02 10:33:09,624] INFO [kafka-log-cleaner-thread-0]: Starting (kafka.log.LogCleaner)
[2020-03-04 09:05:07,244] INFO Starting the log cleaner (kafka.log.LogCleaner)
[2020-03-04 09:05:07,392] INFO [kafka-log-cleaner-thread-0]: Starting (kafka.log.LogCleaner)
[2020-03-04 09:05:35,713] INFO Starting the log cleaner (kafka.log.LogCleaner)
[2020-03-04 09:05:35,862] INFO [kafka-log-cleaner-thread-0]: Starting (kafka.log.LogCleaner)
[2020-03-04 09:05:41,237] INFO Starting the log cleaner (kafka.log.LogCleaner)
[2020-03-04 09:05:41,391] INFO [kafka-log-cleaner-thread-0]: Starting (kafka.log.LogCleaner)
[2020-03-05 09:11:13,957] INFO Starting the log cleaner (kafka.log.LogCleaner)
[2020-03-05 09:11:14,396] INFO [kafka-log-cleaner-thread-0]: Starting (kafka.log.LogCleaner)
[2020-03-05 09:11:35,296] INFO Starting the log cleaner (kafka.log.LogCleaner)
[2020-03-05 09:11:35,393] INFO [kafka-log-cleaner-thread-0]: Starting (kafka.log.LogCleaner)
[2020-03-05 09:11:37,023] INFO Starting the log cleaner (kafka.log.LogCleaner)
[2020-03-05 09:11:37,204] INFO [kafka-log-cleaner-thread-0]: Starting (kafka.log.LogCleaner)
[2020-03-06 09:07:24,299] INFO Starting the log cleaner (kafka.log.LogCleaner)
[2020-03-06 09:07:24,523] INFO [kafka-log-cleaner-thread-0]: Starting (kafka.log.LogCleaner)
[2020-03-06 09:07:35,563] INFO Starting the log cleaner (kafka.log.LogCleaner)
[2020-03-06 09:07:35,693] INFO [kafka-log-cleaner-thread-0]: Starting (kafka.log.LogCleaner)
[2020-03-06 09:07:39,759] INFO Starting the log cleaner (kafka.log.LogCleaner)
[2020-03-06 09:07:40,023] INFO [kafka-log-cleaner-thread-0]: Starting (kafka.log.LogCleaner)
[2020-03-16 09:42:40,630] INFO Starting the log cleaner (kafka.log.LogCleaner)
[2020-03-16 09:42:41,387] INFO [kafka-log-cleaner-thread-0]: Starting (kafka.log.LogCleaner)
[2020-03-16 09:42:41,868] INFO Starting the log cleaner (kafka.log.LogCleaner)
[2020-03-16 09:42:42,035] INFO [kafka-log-cleaner-thread-0]: Starting (kafka.log.LogCleaner)
[2020-03-16 09:42:52,596] INFO Starting the log cleaner (kafka.log.LogCleaner)
[2020-03-16 09:42:52,987] INFO [kafka-log-cleaner-thread-0]: Starting (kafka.log.LogCleaner)
[2020-03-16 09:43:55,104] INFO Starting the log cleaner (kafka.log.LogCleaner)
[2020-03-16 09:43:55,238] INFO [kafka-log-cleaner-thread-0]: Starting (kafka.log.LogCleaner)
[2020-03-16 09:43:55,295] INFO Cleaner 0: Beginning cleaning of log __consumer_offsets-15. (kafka.log.LogCleaner)
[2020-03-16 09:43:55,296] INFO Cleaner 0: Building offset map for __consumer_offsets-15... (kafka.log.LogCleaner)
[2020-03-16 09:43:55,349] INFO Cleaner 0: Building offset map for log __consumer_offsets-15 for 1 segments in offset range [0, 3). (kafka.log.LogCleaner)
[2020-03-16 09:43:55,448] INFO Cleaner 0: Offset map for log __consumer_offsets-15 complete. (kafka.log.LogCleaner)
[2020-03-16 09:43:55,459] INFO Cleaner 0: Cleaning log __consumer_offsets-15 (cleaning prior to Wed Mar 04 10:11:31 IST 2020, discarding tombstones prior to Thu Jan 01 05:30:00 IST 1970)... (kafka.log.LogCleaner)
[2020-03-16 09:43:55,476] INFO Cleaner 0: Cleaning LogSegment(baseOffset=0, size=641, lastModifiedTime=1583296891272, largestTime=1583296888053) in log __consumer_offsets-15 into 0 with deletion horizon 0, retaining deletes. (kafka.log.LogCleaner)
[2020-03-16 09:43:55,516] INFO Cleaner 0: Swapping in cleaned segment LogSegment(baseOffset=0, size=94, lastModifiedTime=1583296891272, largestTime=1583296888053) for segment(s) List(LogSegment(baseOffset=0, size=641, lastModifiedTime=1583296891272, largestTime=1583296888053)) in log Log(dir=C:\kafka_2.13-2.4.0\data\kafka-0\__consumer_offsets-15, topic=__consumer_offsets, partition=15, highWatermark=0, lastStableOffset=0, logStartOffset=0, logEndOffset=4) (kafka.log.LogCleaner)
[2020-03-16 09:43:55,581] INFO Cleaner 0: Beginning cleaning of log __consumer_offsets-15. (kafka.log.LogCleaner)
[2020-03-16 09:43:55,581] INFO Cleaner 0: Building offset map for __consumer_offsets-15... (kafka.log.LogCleaner)
[2020-03-16 09:43:55,622] INFO Cleaner 0: Building offset map for log __consumer_offsets-15 for 1 segments in offset range [0, 3). (kafka.log.LogCleaner)
[2020-03-16 09:43:55,623] INFO Cleaner 0: Offset map for log __consumer_offsets-15 complete. (kafka.log.LogCleaner)
[2020-03-16 09:43:55,624] INFO Cleaner 0: Cleaning log __consumer_offsets-15 (cleaning prior to Wed Mar 04 10:11:31 IST 2020, discarding tombstones prior to Thu Jan 01 05:30:00 IST 1970)... (kafka.log.LogCleaner)
[2020-03-16 09:43:55,642] INFO Cleaner 0: Beginning cleaning of log __consumer_offsets-15. (kafka.log.LogCleaner)
[2020-03-16 09:43:55,642] INFO Cleaner 0: Building offset map for __consumer_offsets-15... (kafka.log.LogCleaner)
[2020-03-16 09:43:55,677] INFO Cleaner 0: Building offset map for log __consumer_offsets-15 for 1 segments in offset range [0, 3). (kafka.log.LogCleaner)
[2020-03-16 09:43:55,678] INFO Cleaner 0: Offset map for log __consumer_offsets-15 complete. (kafka.log.LogCleaner)
[2020-03-16 09:43:55,679] INFO Cleaner 0: Cleaning log __consumer_offsets-15 (cleaning prior to Wed Mar 04 10:11:31 IST 2020, discarding tombstones prior to Thu Jan 01 05:30:00 IST 1970)... (kafka.log.LogCleaner)
[2020-03-16 09:43:55,695] INFO Cleaner 0: Beginning cleaning of log __consumer_offsets-15. (kafka.log.LogCleaner)
[2020-03-16 09:43:55,695] INFO Cleaner 0: Building offset map for __consumer_offsets-15... (kafka.log.LogCleaner)
[2020-03-16 09:43:55,733] INFO Cleaner 0: Building offset map for log __consumer_offsets-15 for 1 segments in offset range [0, 3). (kafka.log.LogCleaner)
[2020-03-16 09:43:55,734] INFO Cleaner 0: Offset map for log __consumer_offsets-15 complete. (kafka.log.LogCleaner)
[2020-03-16 09:43:55,735] INFO Cleaner 0: Cleaning log __consumer_offsets-15 (cleaning prior to Wed Mar 04 10:11:31 IST 2020, discarding tombstones prior to Thu Jan 01 05:30:00 IST 1970)... (kafka.log.LogCleaner)
[2020-03-16 09:43:55,774] INFO Cleaner 0: Beginning cleaning of log __consumer_offsets-15. (kafka.log.LogCleaner)
[2020-03-16 09:43:55,774] INFO Cleaner 0: Building offset map for __consumer_offsets-15... (kafka.log.LogCleaner)
[2020-03-16 09:43:55,812] INFO Cleaner 0: Building offset map for log __consumer_offsets-15 for 1 segments in offset range [0, 3). (kafka.log.LogCleaner)
[2020-03-16 09:43:55,815] INFO Cleaner 0: Offset map for log __consumer_offsets-15 complete. (kafka.log.LogCleaner)
[2020-03-16 09:43:55,815] INFO Cleaner 0: Cleaning log __consumer_offsets-15 (cleaning prior to Wed Mar 04 10:11:31 IST 2020, discarding tombstones prior to Thu Jan 01 05:30:00 IST 1970)... (kafka.log.LogCleaner)
[2020-03-16 09:43:55,841] INFO Cleaner 0: Beginning cleaning of log __consumer_offsets-15. (kafka.log.LogCleaner)
[2020-03-16 09:43:55,841] INFO Cleaner 0: Building offset map for __consumer_offsets-15... (kafka.log.LogCleaner)
[2020-03-16 09:43:55,876] INFO Cleaner 0: Building offset map for log __consumer_offsets-15 for 1 segments in offset range [0, 3). (kafka.log.LogCleaner)
[2020-03-16 09:43:55,877] INFO Cleaner 0: Offset map for log __consumer_offsets-15 complete. (kafka.log.LogCleaner)
[2020-03-16 09:43:55,878] INFO Cleaner 0: Cleaning log __consumer_offsets-15 (cleaning prior to Wed Mar 04 10:11:31 IST 2020, discarding tombstones prior to Thu Jan 01 05:30:00 IST 1970)... (kafka.log.LogCleaner)
[2020-03-16 09:43:55,928] INFO Cleaner 0: Beginning cleaning of log __consumer_offsets-15. (kafka.log.LogCleaner)
[2020-03-16 09:43:55,928] INFO Cleaner 0: Building offset map for __consumer_offsets-15... (kafka.log.LogCleaner)
[2020-03-16 09:43:56,057] INFO Cleaner 0: Building offset map for log __consumer_offsets-15 for 1 segments in offset range [0, 3). (kafka.log.LogCleaner)
[2020-03-16 09:43:56,059] INFO Cleaner 0: Offset map for log __consumer_offsets-15 complete. (kafka.log.LogCleaner)
[2020-03-16 09:43:56,059] INFO Cleaner 0: Cleaning log __consumer_offsets-15 (cleaning prior to Wed Mar 04 10:11:31 IST 2020, discarding tombstones prior to Thu Jan 01 05:30:00 IST 1970)... (kafka.log.LogCleaner)
[2020-03-16 09:43:56,117] INFO Cleaner 0: Beginning cleaning of log __consumer_offsets-15. (kafka.log.LogCleaner)
[2020-03-16 09:43:56,118] INFO Cleaner 0: Building offset map for __consumer_offsets-15... (kafka.log.LogCleaner)
[2020-03-16 09:43:56,156] INFO Cleaner 0: Building offset map for log __consumer_offsets-15 for 1 segments in offset range [0, 3). (kafka.log.LogCleaner)
[2020-03-16 09:43:56,158] INFO Cleaner 0: Offset map for log __consumer_offsets-15 complete. (kafka.log.LogCleaner)
[2020-03-16 09:43:56,159] INFO Cleaner 0: Cleaning log __consumer_offsets-15 (cleaning prior to Wed Mar 04 10:11:31 IST 2020, discarding tombstones prior to Thu Jan 01 05:30:00 IST 1970)... (kafka.log.LogCleaner)
[2020-03-16 09:43:56,163] INFO Cleaner 0: Cleaning LogSegment(baseOffset=0, size=641, lastModifiedTime=1583296891272, largestTime=1583296888053) in log __consumer_offsets-15 into 0 with deletion horizon 0, retaining deletes. (kafka.log.LogCleaner)
[2020-03-16 09:43:56,191] INFO Cleaner 0: Swapping in cleaned segment LogSegment(baseOffset=0, size=94, lastModifiedTime=1583296891272, largestTime=1583296888053) for segment(s) List(LogSegment(baseOffset=0, size=641, lastModifiedTime=1583296891272, largestTime=1583296888053)) in log Log(dir=C:\kafka_2.13-2.4.0\data\kafka-0\__consumer_offsets-15, topic=__consumer_offsets, partition=15, highWatermark=0, lastStableOffset=0, logStartOffset=0, logEndOffset=4) (kafka.log.LogCleaner)
[2020-03-16 09:43:56,207] INFO Cleaner 0: Beginning cleaning of log __consumer_offsets-15. (kafka.log.LogCleaner)
[2020-03-16 09:43:56,207] INFO Cleaner 0: Building offset map for __consumer_offsets-15... (kafka.log.LogCleaner)
[2020-03-16 09:43:56,243] INFO Cleaner 0: Building offset map for log __consumer_offsets-15 for 1 segments in offset range [0, 3). (kafka.log.LogCleaner)
[2020-03-16 09:43:56,244] INFO Cleaner 0: Offset map for log __consumer_offsets-15 complete. (kafka.log.LogCleaner)
[2020-03-16 09:43:56,245] INFO Cleaner 0: Cleaning log __consumer_offsets-15 (cleaning prior to Wed Mar 04 10:11:31 IST 2020, discarding tombstones prior to Thu Jan 01 05:30:00 IST 1970)... (kafka.log.LogCleaner)
[2020-03-16 09:43:56,263] INFO Cleaner 0: Beginning cleaning of log __consumer_offsets-15. (kafka.log.LogCleaner)
[2020-03-16 09:43:56,263] INFO Cleaner 0: Building offset map for __consumer_offsets-15... (kafka.log.LogCleaner)
[2020-03-16 09:43:56,298] INFO Cleaner 0: Building offset map for log __consumer_offsets-15 for 1 segments in offset range [0, 3). (kafka.log.LogCleaner)
[2020-03-16 09:43:56,305] INFO Cleaner 0: Offset map for log __consumer_offsets-15 complete. (kafka.log.LogCleaner)
[2020-03-16 09:43:56,305] INFO Cleaner 0: Cleaning log __consumer_offsets-15 (cleaning prior to Wed Mar 04 10:11:31 IST 2020, discarding tombstones prior to Thu Jan 01 05:30:00 IST 1970)... (kafka.log.LogCleaner)
[2020-03-16 09:43:56,334] INFO Cleaner 0: Beginning cleaning of log __consumer_offsets-15. (kafka.log.LogCleaner)
[2020-03-16 09:43:56,334] INFO Cleaner 0: Building offset map for __consumer_offsets-15... (kafka.log.LogCleaner)
[2020-03-16 09:43:56,378] INFO Cleaner 0: Building offset map for log __consumer_offsets-15 for 1 segments in offset range [0, 3). (kafka.log.LogCleaner)
[2020-03-16 09:43:56,380] INFO Cleaner 0: Offset map for log __consumer_offsets-15 complete. (kafka.log.LogCleaner)
[2020-03-16 09:43:56,380] INFO Cleaner 0: Cleaning log __consumer_offsets-15 (cleaning prior to Wed Mar 04 10:11:31 IST 2020, discarding tombstones prior to Thu Jan 01 05:30:00 IST 1970)... (kafka.log.LogCleaner)
[2020-03-16 09:43:56,434] INFO Cleaner 0: Beginning cleaning of log __consumer_offsets-15. (kafka.log.LogCleaner)
[2020-03-16 09:43:56,435] INFO Cleaner 0: Building offset map for __consumer_offsets-15... (kafka.log.LogCleaner)
[2020-03-16 09:43:56,470] INFO Cleaner 0: Building offset map for log __consumer_offsets-15 for 1 segments in offset range [0, 3). (kafka.log.LogCleaner)
[2020-03-16 09:43:56,479] INFO Cleaner 0: Offset map for log __consumer_offsets-15 complete. (kafka.log.LogCleaner)
[2020-03-16 09:43:56,479] INFO Cleaner 0: Cleaning log __consumer_offsets-15 (cleaning prior to Wed Mar 04 10:11:31 IST 2020, discarding tombstones prior to Thu Jan 01 05:30:00 IST 1970)... (kafka.log.LogCleaner)
[2020-03-16 09:43:56,492] INFO Cleaner 0: Beginning cleaning of log __consumer_offsets-15. (kafka.log.LogCleaner)
[2020-03-16 09:43:56,492] INFO Cleaner 0: Building offset map for __consumer_offsets-15... (kafka.log.LogCleaner)
[2020-03-16 09:43:56,552] INFO Cleaner 0: Building offset map for log __consumer_offsets-15 for 1 segments in offset range [0, 3). (kafka.log.LogCleaner)
[2020-03-16 09:43:56,563] INFO Cleaner 0: Offset map for log __consumer_offsets-15 complete. (kafka.log.LogCleaner)
[2020-03-16 09:43:56,563] INFO Cleaner 0: Cleaning log __consumer_offsets-15 (cleaning prior to Wed Mar 04 10:11:31 IST 2020, discarding tombstones prior to Thu Jan 01 05:30:00 IST 1970)... (kafka.log.LogCleaner)
[2020-03-16 09:43:56,603] INFO Cleaner 0: Beginning cleaning of log __consumer_offsets-15. (kafka.log.LogCleaner)
[2020-03-16 09:43:56,604] INFO Cleaner 0: Building offset map for __consumer_offsets-15... (kafka.log.LogCleaner)
[2020-03-16 09:43:56,639] INFO Cleaner 0: Building offset map for log __consumer_offsets-15 for 1 segments in offset range [0, 3). (kafka.log.LogCleaner)
[2020-03-16 09:43:56,641] INFO Cleaner 0: Offset map for log __consumer_offsets-15 complete. (kafka.log.LogCleaner)
[2020-03-16 09:43:56,641] INFO Cleaner 0: Cleaning log __consumer_offsets-15 (cleaning prior to Wed Mar 04 10:11:31 IST 2020, discarding tombstones prior to Thu Jan 01 05:30:00 IST 1970)... (kafka.log.LogCleaner)
[2020-03-16 09:43:56,717] INFO Cleaner 0: Beginning cleaning of log __consumer_offsets-15. (kafka.log.LogCleaner)
[2020-03-16 09:43:56,718] INFO Cleaner 0: Building offset map for __consumer_offsets-15... (kafka.log.LogCleaner)
[2020-03-16 09:43:56,752] INFO Cleaner 0: Building offset map for log __consumer_offsets-15 for 1 segments in offset range [0, 3). (kafka.log.LogCleaner)
[2020-03-16 09:43:56,753] INFO Cleaner 0: Offset map for log __consumer_offsets-15 complete. (kafka.log.LogCleaner)
[2020-03-16 09:43:56,753] INFO Cleaner 0: Cleaning log __consumer_offsets-15 (cleaning prior to Wed Mar 04 10:11:31 IST 2020, discarding tombstones prior to Thu Jan 01 05:30:00 IST 1970)... (kafka.log.LogCleaner)
[2020-03-16 09:43:56,789] INFO Cleaner 0: Beginning cleaning of log __consumer_offsets-15. (kafka.log.LogCleaner)
[2020-03-16 09:43:56,789] INFO Cleaner 0: Building offset map for __consumer_offsets-15... (kafka.log.LogCleaner)
[2020-03-16 09:43:56,835] INFO Cleaner 0: Building offset map for log __consumer_offsets-15 for 1 segments in offset range [0, 3). (kafka.log.LogCleaner)
[2020-03-16 09:43:56,836] INFO Cleaner 0: Offset map for log __consumer_offsets-15 complete. (kafka.log.LogCleaner)
[2020-03-16 09:43:56,837] INFO Cleaner 0: Cleaning log __consumer_offsets-15 (cleaning prior to Wed Mar 04 10:11:31 IST 2020, discarding tombstones prior to Thu Jan 01 05:30:00 IST 1970)... (kafka.log.LogCleaner)
[2020-03-16 09:43:56,939] INFO Cleaner 0: Beginning cleaning of log __consumer_offsets-15. (kafka.log.LogCleaner)
[2020-03-16 09:43:56,940] INFO Cleaner 0: Building offset map for __consumer_offsets-15... (kafka.log.LogCleaner)
[2020-03-16 09:43:56,976] INFO Cleaner 0: Building offset map for log __consumer_offsets-15 for 1 segments in offset range [0, 3). (kafka.log.LogCleaner)
[2020-03-16 09:43:56,978] INFO Cleaner 0: Offset map for log __consumer_offsets-15 complete. (kafka.log.LogCleaner)
[2020-03-16 09:43:56,979] INFO Cleaner 0: Cleaning log __consumer_offsets-15 (cleaning prior to Wed Mar 04 10:11:31 IST 2020, discarding tombstones prior to Thu Jan 01 05:30:00 IST 1970)... (kafka.log.LogCleaner)
[2020-03-16 09:43:56,989] INFO Cleaner 0: Beginning cleaning of log __consumer_offsets-15. (kafka.log.LogCleaner)
[2020-03-16 09:43:56,989] INFO Cleaner 0: Building offset map for __consumer_offsets-15... (kafka.log.LogCleaner)
[2020-03-16 09:43:57,024] INFO Cleaner 0: Building offset map for log __consumer_offsets-15 for 1 segments in offset range [0, 3). (kafka.log.LogCleaner)
[2020-03-16 09:43:57,026] INFO Cleaner 0: Offset map for log __consumer_offsets-15 complete. (kafka.log.LogCleaner)
[2020-03-16 09:43:57,026] INFO Cleaner 0: Cleaning log __consumer_offsets-15 (cleaning prior to Wed Mar 04 10:11:31 IST 2020, discarding tombstones prior to Thu Jan 01 05:30:00 IST 1970)... (kafka.log.LogCleaner)
[2020-03-16 09:43:57,076] INFO Cleaner 0: Beginning cleaning of log __consumer_offsets-15. (kafka.log.LogCleaner)
[2020-03-16 09:43:57,076] INFO Cleaner 0: Building offset map for __consumer_offsets-15... (kafka.log.LogCleaner)
[2020-03-16 09:43:57,133] INFO Cleaner 0: Building offset map for log __consumer_offsets-15 for 1 segments in offset range [0, 3). (kafka.log.LogCleaner)
[2020-03-16 09:43:57,134] INFO Cleaner 0: Offset map for log __consumer_offsets-15 complete. (kafka.log.LogCleaner)
[2020-03-16 09:43:57,135] INFO Cleaner 0: Cleaning log __consumer_offsets-15 (cleaning prior to Wed Mar 04 10:11:31 IST 2020, discarding tombstones prior to Thu Jan 01 05:30:00 IST 1970)... (kafka.log.LogCleaner)
[2020-03-16 09:43:57,183] INFO Cleaner 0: Beginning cleaning of log __consumer_offsets-15. (kafka.log.LogCleaner)
[2020-03-16 09:43:57,184] INFO Cleaner 0: Building offset map for __consumer_offsets-15... (kafka.log.LogCleaner)
[2020-03-16 09:43:57,226] INFO Cleaner 0: Building offset map for log __consumer_offsets-15 for 1 segments in offset range [0, 3). (kafka.log.LogCleaner)
[2020-03-16 09:43:57,227] INFO Cleaner 0: Offset map for log __consumer_offsets-15 complete. (kafka.log.LogCleaner)
[2020-03-16 09:43:57,228] INFO Cleaner 0: Cleaning log __consumer_offsets-15 (cleaning prior to Wed Mar 04 10:11:31 IST 2020, discarding tombstones prior to Thu Jan 01 05:30:00 IST 1970)... (kafka.log.LogCleaner)
[2020-03-16 09:43:57,239] INFO Cleaner 0: Beginning cleaning of log __consumer_offsets-15. (kafka.log.LogCleaner)
[2020-03-16 09:43:57,239] INFO Cleaner 0: Building offset map for __consumer_offsets-15... (kafka.log.LogCleaner)
[2020-03-16 09:43:57,274] INFO Cleaner 0: Building offset map for log __consumer_offsets-15 for 1 segments in offset range [0, 3). (kafka.log.LogCleaner)
[2020-03-16 09:43:57,275] INFO Cleaner 0: Offset map for log __consumer_offsets-15 complete. (kafka.log.LogCleaner)
[2020-03-16 09:43:57,276] INFO Cleaner 0: Cleaning log __consumer_offsets-15 (cleaning prior to Wed Mar 04 10:11:31 IST 2020, discarding tombstones prior to Thu Jan 01 05:30:00 IST 1970)... (kafka.log.LogCleaner)
[2020-03-16 09:43:57,299] INFO Cleaner 0: Beginning cleaning of log __consumer_offsets-15. (kafka.log.LogCleaner)
[2020-03-16 09:43:57,299] INFO Cleaner 0: Building offset map for __consumer_offsets-15... (kafka.log.LogCleaner)
[2020-03-16 09:43:57,334] INFO Cleaner 0: Building offset map for log __consumer_offsets-15 for 1 segments in offset range [0, 3). (kafka.log.LogCleaner)
[2020-03-16 09:43:57,335] INFO Cleaner 0: Offset map for log __consumer_offsets-15 complete. (kafka.log.LogCleaner)
[2020-03-16 09:43:57,336] INFO Cleaner 0: Cleaning log __consumer_offsets-15 (cleaning prior to Wed Mar 04 10:11:31 IST 2020, discarding tombstones prior to Thu Jan 01 05:30:00 IST 1970)... (kafka.log.LogCleaner)
[2020-03-16 09:43:57,352] INFO Cleaner 0: Beginning cleaning of log __consumer_offsets-15. (kafka.log.LogCleaner)
[2020-03-16 09:43:57,352] INFO Cleaner 0: Building offset map for __consumer_offsets-15... (kafka.log.LogCleaner)
[2020-03-16 09:43:57,389] INFO Cleaner 0: Building offset map for log __consumer_offsets-15 for 1 segments in offset range [0, 3). (kafka.log.LogCleaner)
[2020-03-16 09:43:57,390] INFO Cleaner 0: Offset map for log __consumer_offsets-15 complete. (kafka.log.LogCleaner)
[2020-03-16 09:43:57,390] INFO Cleaner 0: Cleaning log __consumer_offsets-15 (cleaning prior to Wed Mar 04 10:11:31 IST 2020, discarding tombstones prior to Thu Jan 01 05:30:00 IST 1970)... (kafka.log.LogCleaner)
[2020-03-16 09:43:57,453] INFO Cleaner 0: Beginning cleaning of log __consumer_offsets-15. (kafka.log.LogCleaner)
[2020-03-16 09:43:57,453] INFO Cleaner 0: Building offset map for __consumer_offsets-15... (kafka.log.LogCleaner)
[2020-03-16 09:43:57,489] INFO Cleaner 0: Building offset map for log __consumer_offsets-15 for 1 segments in offset range [0, 3). (kafka.log.LogCleaner)
[2020-03-16 09:43:57,490] INFO Cleaner 0: Offset map for log __consumer_offsets-15 complete. (kafka.log.LogCleaner)
[2020-03-16 09:43:57,490] INFO Cleaner 0: Cleaning log __consumer_offsets-15 (cleaning prior to Wed Mar 04 10:11:31 IST 2020, discarding tombstones prior to Thu Jan 01 05:30:00 IST 1970)... (kafka.log.LogCleaner)
[2020-03-16 09:43:57,501] INFO Cleaner 0: Beginning cleaning of log __consumer_offsets-15. (kafka.log.LogCleaner)
[2020-03-16 09:43:57,501] INFO Cleaner 0: Building offset map for __consumer_offsets-15... (kafka.log.LogCleaner)
[2020-03-16 09:46:44,464] INFO Starting the log cleaner (kafka.log.LogCleaner)
[2020-03-16 09:46:44,593] INFO [kafka-log-cleaner-thread-0]: Starting (kafka.log.LogCleaner)
[2020-03-16 09:46:59,329] INFO Starting the log cleaner (kafka.log.LogCleaner)
[2020-03-16 09:46:59,544] INFO [kafka-log-cleaner-thread-0]: Starting (kafka.log.LogCleaner)
[2020-03-16 09:47:08,499] INFO Starting the log cleaner (kafka.log.LogCleaner)
[2020-03-16 09:47:08,619] INFO [kafka-log-cleaner-thread-0]: Starting (kafka.log.LogCleaner)
[2020-03-17 10:54:48,153] INFO Starting the log cleaner (kafka.log.LogCleaner)
[2020-03-17 10:54:48,286] INFO [kafka-log-cleaner-thread-0]: Starting (kafka.log.LogCleaner)
[2020-03-17 10:55:10,661] INFO Starting the log cleaner (kafka.log.LogCleaner)
[2020-03-17 10:55:10,825] INFO [kafka-log-cleaner-thread-0]: Starting (kafka.log.LogCleaner)
[2020-03-17 10:55:17,764] INFO Starting the log cleaner (kafka.log.LogCleaner)
[2020-03-17 10:55:18,062] INFO [kafka-log-cleaner-thread-0]: Starting (kafka.log.LogCleaner)
[2020-03-18 10:52:19,181] INFO Starting the log cleaner (kafka.log.LogCleaner)
[2020-03-18 10:52:19,546] INFO [kafka-log-cleaner-thread-0]: Starting (kafka.log.LogCleaner)
[2020-03-18 10:52:23,725] INFO Starting the log cleaner (kafka.log.LogCleaner)
[2020-03-18 10:52:23,994] INFO [kafka-log-cleaner-thread-0]: Starting (kafka.log.LogCleaner)
[2020-03-18 10:53:10,909] INFO Starting the log cleaner (kafka.log.LogCleaner)
[2020-03-18 10:53:11,114] INFO [kafka-log-cleaner-thread-0]: Starting (kafka.log.LogCleaner)
[2020-03-24 11:39:49,612] INFO Starting the log cleaner (kafka.log.LogCleaner)
[2020-03-24 11:39:49,959] INFO [kafka-log-cleaner-thread-0]: Starting (kafka.log.LogCleaner)
[2020-03-24 11:39:51,471] INFO Starting the log cleaner (kafka.log.LogCleaner)
[2020-03-24 11:39:51,604] INFO [kafka-log-cleaner-thread-0]: Starting (kafka.log.LogCleaner)
[2020-03-24 11:40:00,233] INFO Starting the log cleaner (kafka.log.LogCleaner)
[2020-03-24 11:40:00,438] INFO [kafka-log-cleaner-thread-0]: Starting (kafka.log.LogCleaner)
[2020-03-24 11:51:05,414] ERROR Failed to access checkpoint file cleaner-offset-checkpoint in dir C:\kafka_2.13-2.4.0\data\kafka-0 (kafka.log.LogCleaner)
org.apache.kafka.common.errors.KafkaStorageException: Error while reading checkpoint file C:\kafka_2.13-2.4.0\data\kafka-0\cleaner-offset-checkpoint
Caused by: java.nio.file.NoSuchFileException: C:\kafka_2.13-2.4.0\data\kafka-0\cleaner-offset-checkpoint
	at sun.nio.fs.WindowsException.translateToIOException(WindowsException.java:79)
	at sun.nio.fs.WindowsException.rethrowAsIOException(WindowsException.java:97)
	at sun.nio.fs.WindowsException.rethrowAsIOException(WindowsException.java:102)
	at sun.nio.fs.WindowsFileSystemProvider.newByteChannel(WindowsFileSystemProvider.java:230)
	at java.nio.file.Files.newByteChannel(Files.java:361)
	at java.nio.file.Files.newByteChannel(Files.java:407)
	at java.nio.file.spi.FileSystemProvider.newInputStream(FileSystemProvider.java:384)
	at java.nio.file.Files.newInputStream(Files.java:152)
	at java.nio.file.Files.newBufferedReader(Files.java:2784)
	at java.nio.file.Files.newBufferedReader(Files.java:2816)
	at kafka.server.checkpoints.CheckpointFile.liftedTree2$1(CheckpointFile.scala:87)
	at kafka.server.checkpoints.CheckpointFile.read(CheckpointFile.scala:86)
	at kafka.server.checkpoints.OffsetCheckpointFile.read(OffsetCheckpointFile.scala:61)
	at kafka.log.LogCleanerManager.$anonfun$allCleanerCheckpoints$2(LogCleanerManager.scala:142)
	at scala.collection.Iterator$$anon$10.nextCur(Iterator.scala:583)
	at scala.collection.Iterator$$anon$10.hasNext(Iterator.scala:597)
	at scala.collection.mutable.ListBuffer.addAll(ListBuffer.scala:118)
	at scala.collection.mutable.ListBuffer$.from(ListBuffer.scala:38)
	at scala.collection.immutable.List$.from(List.scala:617)
	at scala.collection.immutable.List$.from(List.scala:611)
	at scala.collection.IterableFactory$Delegate.from(Factory.scala:288)
	at scala.collection.immutable.Iterable$.from(Iterable.scala:35)
	at scala.collection.immutable.Iterable$.from(Iterable.scala:32)
	at scala.collection.IterableFactory$Delegate.from(Factory.scala:288)
	at scala.collection.IterableOps.flatMap(Iterable.scala:674)
	at scala.collection.IterableOps.flatMap$(Iterable.scala:674)
	at scala.collection.AbstractIterable.flatMap(Iterable.scala:921)
	at kafka.log.LogCleanerManager.$anonfun$allCleanerCheckpoints$1(LogCleanerManager.scala:140)
	at kafka.utils.CoreUtils$.inLock(CoreUtils.scala:253)
	at kafka.log.LogCleanerManager.allCleanerCheckpoints(LogCleanerManager.scala:148)
	at kafka.log.LogCleanerManager.$anonfun$grabFilthiestCompactedLog$1(LogCleanerManager.scala:179)
	at kafka.utils.CoreUtils$.inLock(CoreUtils.scala:253)
	at kafka.log.LogCleanerManager.grabFilthiestCompactedLog(LogCleanerManager.scala:176)
	at kafka.log.LogCleaner$CleanerThread.cleanFilthiestLog(LogCleaner.scala:337)
	at kafka.log.LogCleaner$CleanerThread.tryCleanFilthiestLog(LogCleaner.scala:324)
	at kafka.log.LogCleaner$CleanerThread.doWork(LogCleaner.scala:313)
	at kafka.utils.ShutdownableThread.run(ShutdownableThread.scala:96)
[2020-03-24 11:52:31,589] INFO Starting the log cleaner (kafka.log.LogCleaner)
[2020-03-24 11:52:31,832] INFO [kafka-log-cleaner-thread-0]: Starting (kafka.log.LogCleaner)
[2020-03-24 11:52:37,439] INFO Starting the log cleaner (kafka.log.LogCleaner)
[2020-03-24 11:52:37,588] INFO [kafka-log-cleaner-thread-0]: Starting (kafka.log.LogCleaner)
[2020-03-24 11:52:42,295] INFO Starting the log cleaner (kafka.log.LogCleaner)
[2020-03-24 11:52:42,407] INFO [kafka-log-cleaner-thread-0]: Starting (kafka.log.LogCleaner)
[2020-03-24 18:48:54,113] INFO Starting the log cleaner (kafka.log.LogCleaner)
[2020-03-24 18:48:54,294] INFO [kafka-log-cleaner-thread-0]: Starting (kafka.log.LogCleaner)
[2020-03-24 18:48:57,439] INFO Starting the log cleaner (kafka.log.LogCleaner)
[2020-03-24 18:48:57,581] INFO [kafka-log-cleaner-thread-0]: Starting (kafka.log.LogCleaner)
[2020-03-24 18:49:09,248] INFO Starting the log cleaner (kafka.log.LogCleaner)
[2020-03-24 18:49:09,387] INFO [kafka-log-cleaner-thread-0]: Starting (kafka.log.LogCleaner)
[2020-03-25 11:09:47,964] INFO Starting the log cleaner (kafka.log.LogCleaner)
[2020-03-25 11:09:47,966] INFO Starting the log cleaner (kafka.log.LogCleaner)
[2020-03-25 11:09:48,245] INFO [kafka-log-cleaner-thread-0]: Starting (kafka.log.LogCleaner)
[2020-03-25 11:09:48,243] INFO [kafka-log-cleaner-thread-0]: Starting (kafka.log.LogCleaner)
[2020-03-25 11:09:51,331] INFO Starting the log cleaner (kafka.log.LogCleaner)
[2020-03-25 11:09:51,432] INFO [kafka-log-cleaner-thread-0]: Starting (kafka.log.LogCleaner)
[2020-03-26 14:19:54,109] INFO Starting the log cleaner (kafka.log.LogCleaner)
[2020-03-26 14:19:54,359] INFO [kafka-log-cleaner-thread-0]: Starting (kafka.log.LogCleaner)
[2020-03-26 14:19:54,504] INFO Starting the log cleaner (kafka.log.LogCleaner)
[2020-03-26 14:19:54,646] INFO [kafka-log-cleaner-thread-0]: Starting (kafka.log.LogCleaner)
[2020-03-26 14:20:07,501] INFO Starting the log cleaner (kafka.log.LogCleaner)
[2020-03-26 14:20:07,581] INFO [kafka-log-cleaner-thread-0]: Starting (kafka.log.LogCleaner)
[2020-03-26 20:21:20,584] INFO Starting the log cleaner (kafka.log.LogCleaner)
[2020-03-26 20:21:20,785] INFO [kafka-log-cleaner-thread-0]: Starting (kafka.log.LogCleaner)
[2020-03-26 20:21:26,847] INFO Starting the log cleaner (kafka.log.LogCleaner)
[2020-03-26 20:21:27,007] INFO [kafka-log-cleaner-thread-0]: Starting (kafka.log.LogCleaner)
[2020-03-26 20:21:43,050] INFO Starting the log cleaner (kafka.log.LogCleaner)
[2020-03-26 20:21:43,221] INFO [kafka-log-cleaner-thread-0]: Starting (kafka.log.LogCleaner)
[2020-03-26 20:45:37,697] INFO Starting the log cleaner (kafka.log.LogCleaner)
[2020-03-26 20:45:37,865] INFO [kafka-log-cleaner-thread-0]: Starting (kafka.log.LogCleaner)
[2020-03-26 20:45:51,731] INFO Starting the log cleaner (kafka.log.LogCleaner)
[2020-03-26 20:45:51,959] INFO [kafka-log-cleaner-thread-0]: Starting (kafka.log.LogCleaner)
[2020-03-26 20:45:53,436] INFO Starting the log cleaner (kafka.log.LogCleaner)
[2020-03-26 20:45:53,637] INFO [kafka-log-cleaner-thread-0]: Starting (kafka.log.LogCleaner)
[2020-03-26 22:29:15,399] INFO Starting the log cleaner (kafka.log.LogCleaner)
[2020-03-26 22:29:15,599] INFO [kafka-log-cleaner-thread-0]: Starting (kafka.log.LogCleaner)
[2020-03-26 22:29:20,749] INFO Starting the log cleaner (kafka.log.LogCleaner)
[2020-03-26 22:29:21,012] INFO [kafka-log-cleaner-thread-0]: Starting (kafka.log.LogCleaner)
[2020-03-26 22:29:34,456] INFO Starting the log cleaner (kafka.log.LogCleaner)
[2020-03-26 22:29:34,705] INFO [kafka-log-cleaner-thread-0]: Starting (kafka.log.LogCleaner)
[2020-03-27 09:48:43,584] INFO Starting the log cleaner (kafka.log.LogCleaner)
[2020-03-27 09:48:43,843] INFO [kafka-log-cleaner-thread-0]: Starting (kafka.log.LogCleaner)
[2020-03-27 09:49:12,915] INFO Starting the log cleaner (kafka.log.LogCleaner)
[2020-03-27 09:49:12,994] INFO [kafka-log-cleaner-thread-0]: Starting (kafka.log.LogCleaner)
[2020-03-27 09:49:13,883] INFO Starting the log cleaner (kafka.log.LogCleaner)
[2020-03-27 09:49:14,005] INFO [kafka-log-cleaner-thread-0]: Starting (kafka.log.LogCleaner)
[2020-03-27 19:31:41,811] INFO Starting the log cleaner (kafka.log.LogCleaner)
[2020-03-27 19:31:42,320] INFO [kafka-log-cleaner-thread-0]: Starting (kafka.log.LogCleaner)
[2020-03-27 19:31:50,813] INFO Starting the log cleaner (kafka.log.LogCleaner)
[2020-03-27 19:31:50,980] INFO [kafka-log-cleaner-thread-0]: Starting (kafka.log.LogCleaner)
[2020-03-27 19:31:53,218] INFO Starting the log cleaner (kafka.log.LogCleaner)
[2020-03-27 19:31:53,464] INFO [kafka-log-cleaner-thread-0]: Starting (kafka.log.LogCleaner)
[2020-03-27 19:51:14,510] INFO Starting the log cleaner (kafka.log.LogCleaner)
[2020-03-27 19:51:14,604] INFO [kafka-log-cleaner-thread-0]: Starting (kafka.log.LogCleaner)
[2020-03-27 19:55:05,179] INFO Starting the log cleaner (kafka.log.LogCleaner)
[2020-03-27 19:55:05,288] INFO [kafka-log-cleaner-thread-0]: Starting (kafka.log.LogCleaner)
[2020-03-27 21:42:39,119] INFO Starting the log cleaner (kafka.log.LogCleaner)
[2020-03-27 21:42:39,223] INFO [kafka-log-cleaner-thread-0]: Starting (kafka.log.LogCleaner)
[2020-03-27 21:42:50,213] INFO Starting the log cleaner (kafka.log.LogCleaner)
[2020-03-27 21:42:50,391] INFO [kafka-log-cleaner-thread-0]: Starting (kafka.log.LogCleaner)
[2020-03-27 21:42:59,170] INFO Starting the log cleaner (kafka.log.LogCleaner)
[2020-03-27 21:42:59,358] INFO [kafka-log-cleaner-thread-0]: Starting (kafka.log.LogCleaner)
[2020-03-30 18:01:50,408] INFO Starting the log cleaner (kafka.log.LogCleaner)
[2020-03-30 18:01:50,727] INFO [kafka-log-cleaner-thread-0]: Starting (kafka.log.LogCleaner)
[2020-03-30 18:01:51,135] INFO Starting the log cleaner (kafka.log.LogCleaner)
[2020-03-30 18:01:51,273] INFO [kafka-log-cleaner-thread-0]: Starting (kafka.log.LogCleaner)
[2020-03-30 18:01:56,770] INFO Starting the log cleaner (kafka.log.LogCleaner)
[2020-03-30 18:01:56,887] INFO [kafka-log-cleaner-thread-0]: Starting (kafka.log.LogCleaner)
[2020-03-31 15:02:52,218] INFO Starting the log cleaner (kafka.log.LogCleaner)
[2020-03-31 15:02:52,499] INFO [kafka-log-cleaner-thread-0]: Starting (kafka.log.LogCleaner)
[2020-03-31 15:02:55,985] INFO Starting the log cleaner (kafka.log.LogCleaner)
[2020-03-31 15:02:56,378] INFO [kafka-log-cleaner-thread-0]: Starting (kafka.log.LogCleaner)
[2020-03-31 15:03:04,597] INFO Starting the log cleaner (kafka.log.LogCleaner)
[2020-03-31 15:03:04,751] INFO [kafka-log-cleaner-thread-0]: Starting (kafka.log.LogCleaner)
[2020-03-31 15:05:06,576] INFO Starting the log cleaner (kafka.log.LogCleaner)
[2020-03-31 15:05:06,665] INFO [kafka-log-cleaner-thread-0]: Starting (kafka.log.LogCleaner)
[2020-03-31 15:08:42,601] INFO Starting the log cleaner (kafka.log.LogCleaner)
[2020-03-31 15:08:42,741] INFO [kafka-log-cleaner-thread-0]: Starting (kafka.log.LogCleaner)
[2020-03-31 15:08:49,942] INFO Starting the log cleaner (kafka.log.LogCleaner)
[2020-03-31 15:08:50,112] INFO [kafka-log-cleaner-thread-0]: Starting (kafka.log.LogCleaner)
[2020-03-31 15:08:57,399] INFO Starting the log cleaner (kafka.log.LogCleaner)
[2020-03-31 15:08:57,550] INFO [kafka-log-cleaner-thread-0]: Starting (kafka.log.LogCleaner)
[2020-04-01 19:36:48,383] INFO Starting the log cleaner (kafka.log.LogCleaner)
[2020-04-01 19:36:48,697] INFO Starting the log cleaner (kafka.log.LogCleaner)
[2020-04-01 19:36:48,726] INFO [kafka-log-cleaner-thread-0]: Starting (kafka.log.LogCleaner)
[2020-04-01 19:36:49,045] INFO [kafka-log-cleaner-thread-0]: Starting (kafka.log.LogCleaner)
[2020-04-01 19:37:03,800] INFO Starting the log cleaner (kafka.log.LogCleaner)
[2020-04-01 19:37:04,020] INFO [kafka-log-cleaner-thread-0]: Starting (kafka.log.LogCleaner)
[2020-04-02 09:54:17,995] INFO Starting the log cleaner (kafka.log.LogCleaner)
[2020-04-02 09:54:18,008] INFO Starting the log cleaner (kafka.log.LogCleaner)
[2020-04-02 09:54:18,260] INFO [kafka-log-cleaner-thread-0]: Starting (kafka.log.LogCleaner)
[2020-04-02 09:54:18,287] INFO [kafka-log-cleaner-thread-0]: Starting (kafka.log.LogCleaner)
[2020-04-02 09:54:19,855] INFO Starting the log cleaner (kafka.log.LogCleaner)
[2020-04-02 09:54:19,977] INFO [kafka-log-cleaner-thread-0]: Starting (kafka.log.LogCleaner)
[2020-04-02 09:57:10,448] INFO Starting the log cleaner (kafka.log.LogCleaner)
[2020-04-02 09:57:10,581] INFO [kafka-log-cleaner-thread-0]: Starting (kafka.log.LogCleaner)
[2020-04-02 09:57:22,550] INFO Starting the log cleaner (kafka.log.LogCleaner)
[2020-04-02 09:57:22,700] INFO [kafka-log-cleaner-thread-0]: Starting (kafka.log.LogCleaner)
[2020-04-02 09:57:27,962] INFO Starting the log cleaner (kafka.log.LogCleaner)
[2020-04-02 09:57:28,111] INFO [kafka-log-cleaner-thread-0]: Starting (kafka.log.LogCleaner)
